{
  "RSpec": {
    "coverage": {
      "/Users/james/turing/mod2/b2-final-2010/app/models/comp_team.rb": {
        "lines": [
          1,
          1,
          1,
          1,
          null,
          null
        ]
      },
      "/Users/james/turing/mod2/b2-final-2010/app/models/application_record.rb": {
        "lines": [
          1,
          1,
          null
        ]
      },
      "/Users/james/turing/mod2/b2-final-2010/spec/models/competition_spec.rb": {
        "lines": [
          1,
          null,
          1,
          1,
          2,
          2,
          2,
          null,
          null,
          1,
          2,
          2,
          2,
          null,
          null,
          1,
          null,
          null,
          null,
          null
        ]
      },
      "/Users/james/turing/mod2/b2-final-2010/app/models/competition.rb": {
        "lines": [
          1,
          1,
          1,
          1,
          null,
          1,
          null,
          null
        ]
      },
      "/Users/james/turing/mod2/b2-final-2010/spec/models/player_spec.rb": {
        "lines": [
          1,
          null,
          1,
          1,
          2,
          2,
          2,
          null,
          null,
          1,
          2,
          2,
          null,
          null,
          1,
          null,
          null,
          null,
          null
        ]
      },
      "/Users/james/turing/mod2/b2-final-2010/app/models/player.rb": {
        "lines": [
          1,
          1,
          1,
          1,
          1,
          1,
          null,
          null
        ]
      },
      "/Users/james/turing/mod2/b2-final-2010/spec/models/team_spec.rb": {
        "lines": [
          1,
          null,
          1,
          1,
          2,
          2,
          2,
          null,
          null,
          1,
          2,
          2,
          null,
          null,
          1,
          null,
          null,
          null,
          null
        ]
      },
      "/Users/james/turing/mod2/b2-final-2010/app/models/team.rb": {
        "lines": [
          1,
          1,
          1,
          1,
          1,
          null,
          null
        ]
      }
    },
    "timestamp": 1611073600
  }
}
